running Sat Jan 29 15:50:30 UTC 2022
From Web:  EW LIVE w/pickles
From File: 
found a new show  EW LIVE w/pickles
running Sat Jan 29 16:00:16 UTC 2022
ooooooooooo
From Web:  Kos.Mos Music Presents Phuture Beats Show - hosted by Sho (Absys Records)
From File:  EW LIVE w/pickles
ooooooooooo
found a new show  Kos.Mos Music Presents Phuture Beats Show - hosted by Sho (Absys Records)
ooooooooooo
running Sat Jan 29 16:04:54 UTC 2022
ooooooooooo
From Web:  Kos.Mos Music Presents Phuture Beats Show - hosted by Sho (Absys Records)
From File:  Kos.Mos Music Presents Phuture Beats Show - hosted by Sho (Absys Records)
ooooooooooo
running Sat Jan 29 16:13:22 UTC 2022
ooooooooooo
From Web:  Kos.Mos Music Presents Phuture Beats Show - hosted by Sho (Absys Records)
From File:  Kos.Mos Music Presents Phuture Beats Show - hosted by Sho (Absys Records)
ooooooooooo
